<?xml version="1.0" encoding="UTF-8"?>
<!-- Generated by org.testng.reporters.JUnitReportReporter -->
<testsuite hostname="INFNCWLX13177" failures="0" tests="1" name="pv.selenium.adminConsole.EventSectionInsert" time="0.000" errors="0" timestamp="06 Feb 2019 14:44:14 GMT" skipped="1">
  <testcase classname="pv.selenium.adminConsole.EventSectionInsert" name="eventSectionInsert" time="0.000">
    <skipped/>
  </testcase> <!-- eventSectionInsert -->
</testsuite> <!-- pv.selenium.adminConsole.EventSectionInsert -->
