<?xml version="1.0" encoding="UTF-8"?>
<!-- Generated by org.testng.reporters.JUnitReportReporter -->
<testsuite skipped="1" hostname="WKWIN5355264" name="pv.selenium.caseDashboard.caseComparisonScreen" tests="1" failures="0" timestamp="24 Mar 2019 15:04:56 GMT" time="0.000" errors="0">
  <testcase name="copyReportMethod" time="0.000" classname="pv.selenium.caseDashboard.caseComparisonScreen">
    <skipped/>
  </testcase> <!-- copyReportMethod -->
</testsuite> <!-- pv.selenium.caseDashboard.caseComparisonScreen -->
