<?xml version="1.0" encoding="UTF-8"?>
<!-- Generated by org.testng.reporters.JUnitReportReporter -->
<testsuite skipped="1" hostname="INFNCWLX13233" name="pv.selenium.adminConsole.ProductSectionDelete" tests="1" failures="0" timestamp="01 Feb 2019 09:14:07 GMT" time="0.063" errors="0">
  <testcase name="productSectionDelete" time="0.063" classname="pv.selenium.adminConsole.ProductSectionDelete">
    <skipped/>
  </testcase> <!-- productSectionDelete -->
</testsuite> <!-- pv.selenium.adminConsole.ProductSectionDelete -->
