<?xml version="1.0" encoding="UTF-8"?>
<!-- Generated by org.testng.reporters.JUnitReportReporter -->
<testsuite skipped="1" hostname="INFNCWLX13233" name="pvi.selenium.adminConsole.ProductSectionDelete" tests="1" failures="0" timestamp="31 Jan 2019 10:34:17 GMT" time="0.056" errors="0">
  <testcase name="productSectionDelete" time="0.056" classname="pvi.selenium.adminConsole.ProductSectionDelete">
    <skipped/>
  </testcase> <!-- productSectionDelete -->
</testsuite> <!-- pvi.selenium.adminConsole.ProductSectionDelete -->
